<?xml version="1.0" encoding="UTF-8"?>
<testng-results ignored="0" total="1" passed="1" failed="0" skipped="0">
  <reporter-output>
  </reporter-output>
  <suite started-at="2022-02-17T00:10:27 IST" name="QARegressionSuite" finished-at="2022-02-17T00:11:25 IST" duration-ms="57590">
    <groups>
    </groups>
    <test started-at="2022-02-17T00:10:27 IST" name="Test1" finished-at="2022-02-17T00:11:25 IST" duration-ms="57590">
      <class name="tests.testNGTestClass">
        <test-method is-config="true" signature="launchBrowser(java.lang.String)[pri:0, instance:tests.testNGTestClass@72a7c7e0]" started-at="2022-02-17T00:10:27 IST" name="launchBrowser" finished-at="2022-02-17T00:10:43 IST" duration-ms="15782" status="PASS">
          <params>
            <param index="0">
              <value>
                <![CDATA[chrome]]>
              </value>
            </param>
          </params>
          <reporter-output>
          </reporter-output>
        </test-method> <!-- launchBrowser -->
        <test-method is-config="true" signature="createPOMObjects()[pri:0, instance:tests.testNGTestClass@72a7c7e0]" started-at="2022-02-17T00:10:43 IST" name="createPOMObjects" finished-at="2022-02-17T00:10:43 IST" duration-ms="258" status="PASS">
          <reporter-output>
          </reporter-output>
        </test-method> <!-- createPOMObjects -->
        <test-method is-config="true" signature="logInToApplication()[pri:0, instance:tests.testNGTestClass@72a7c7e0]" started-at="2022-02-17T00:10:43 IST" name="logInToApplication" finished-at="2022-02-17T00:10:53 IST" duration-ms="9602" status="PASS">
          <reporter-output>
          </reporter-output>
        </test-method> <!-- logInToApplication -->
        <test-method signature="toVerifyTaskButton()[pri:0, instance:tests.testNGTestClass@72a7c7e0]" started-at="2022-02-17T00:10:53 IST" name="toVerifyTaskButton" finished-at="2022-02-17T00:11:21 IST" duration-ms="27580" status="PASS">
          <reporter-output>
          </reporter-output>
        </test-method> <!-- toVerifyTaskButton -->
        <test-method is-config="true" signature="logOutFromApplication()[pri:0, instance:tests.testNGTestClass@72a7c7e0]" started-at="2022-02-17T00:11:21 IST" name="logOutFromApplication" finished-at="2022-02-17T00:11:23 IST" duration-ms="2220" status="PASS">
          <reporter-output>
          </reporter-output>
        </test-method> <!-- logOutFromApplication -->
        <test-method is-config="true" signature="afterClass()[pri:0, instance:tests.testNGTestClass@72a7c7e0]" started-at="2022-02-17T00:11:23 IST" name="afterClass" finished-at="2022-02-17T00:11:23 IST" duration-ms="2" status="PASS">
          <reporter-output>
          </reporter-output>
        </test-method> <!-- afterClass -->
        <test-method is-config="true" signature="afterTest()[pri:0, instance:tests.testNGTestClass@72a7c7e0]" started-at="2022-02-17T00:11:23 IST" name="afterTest" finished-at="2022-02-17T00:11:25 IST" duration-ms="1959" status="PASS">
          <reporter-output>
          </reporter-output>
        </test-method> <!-- afterTest -->
      </class> <!-- tests.testNGTestClass -->
    </test> <!-- Test1 -->
  </suite> <!-- QARegressionSuite -->
</testng-results>
