<?xml version="1.0" encoding="UTF-8"?>
<!-- Generated by org.testng.reporters.JUnitXMLReporter -->
<testsuite ignored="1" hostname="ABC" failures="0" tests="4" name="Test" time="0.212" errors="0" timestamp="2022-02-16T12:29:18 IST">
  <testcase classname="tests.Test2" name="testF" time="0.017"/>
  <testcase classname="tests.Test2" name="testC" time="0.01"/>
  <testcase classname="tests.Test1" name="testA" time="0.003"/>
  <testcase classname="tests.Test1" name="testB" time="0.008"/>
  <testcase classname="tests.Test2" name="testD" time="0.0">
    <ignored/>
  </testcase> <!-- testD -->
</testsuite> <!-- Test -->
